Arguments: 
  C:\Program Files\nodejs\node.exe C:\Users\Jar\AppData\Roaming\npm\node_modules\yarn\bin\yarn.js install

PATH: 
  C:\Program Files (x86)\NVIDIA Corporation\PhysX\Common;C:\Windows\system32;C:\Windows;C:\Windows\System32\Wbem;C:\Windows\System32\WindowsPowerShell\v1.0\;C:\Windows\System32\OpenSSH\;C:\Program Files\Git\cmd;C:\Program Files (x86)\Common Files\Acronis\SnapAPI\;C:\Program Files\dotnet\;C:\Program Files\Microsoft SQL Server\130\Tools\Binn\;C:\Program Files\Microsoft SQL Server\Client SDK\ODBC\170\Tools\Binn\;C:\Program Files\PuTTY\;C:\Program Files\nodejs\;C:\Program Files\MySQL\MySQL Shell 8.0\bin\;C:\Users\Jar\AppData\Local\Yarn\config\global\node_modules\.bin;C:\Users\Jar\AppData\Roaming\Composer\vendor\bin;C:\work\laragon\bin;C:\work\laragon\bin\apache\httpd-2.4.35-win64-VC15\bin;C:\work\laragon\bin\composer;C:\work\laragon\bin\git\bin;C:\work\laragon\bin\git\cmd;C:\work\laragon\bin\git\mingw64\bin;C:\work\laragon\bin\git\usr\bin;C:\work\laragon\bin\laragon\utils;C:\work\laragon\bin\mysql\mysql-5.7.24-winx64\bin;C:\work\laragon\bin\nginx\nginx-1.14.0;C:\work\laragon\bin\ngrok;C:\work\laragon\bin\nodejs\node-v12;C:\work\laragon\bin\notepad++;C:\work\laragon\bin\php\php-7.2.11-Win32-VC15-x64;C:\work\laragon\bin\putty;C:\work\laragon\bin\redis\redis-x64-3.2.100;C:\work\laragon\bin\telnet;C:\work\laragon\usr\bin;C:\Users\Jar\AppData\Local\Programs\Python\Python37-32\Scripts\;C:\Users\Jar\AppData\Local\Programs\Python\Python37-32\;C:\Users\Jar\AppData\Local\Microsoft\WindowsApps;C:\Users\Jar\AppData\Local\Programs\Microsoft VS Code\bin;C:\Users\Jar\AppData\Roaming\npm

Yarn version: 
  1.19.1

Node version: 
  14.15.5

Platform: 
  win32 x64

Trace: 
  Error: EPERM: operation not permitted, unlink 'C:\work\projects\umk-app\node_modules\@babel\plugin-external-helpers\lib'

npm manifest: 
  {
    "main": "node_modules/expo/AppEntry.js",
    "scripts": {
      "start": "expo start",
      "android": "expo start --android",
      "ios": "expo start --ios",
      "web": "expo start --web",
      "eject": "expo eject"
    },
    "dependencies": {
      "@react-native-async-storage/async-storage": "^1.14.1",
      "@react-native-community/masked-view": "0.1.10",
      "@react-native-community/netinfo": "5.9.7",
      "@react-navigation/native": "^5.9.3",
      "@react-navigation/stack": "^5.14.3",
      "@reduxjs/toolkit": "^1.5.0",
      "axios": "^0.21.1",
      "expo": "~40.0.0",
      "expo-status-bar": "~1.0.3",
      "react": "16.13.1",
      "react-native": "https://github.com/expo/react-native/archive/sdk-40.0.1.tar.gz",
      "react-native-appearance": "~0.3.3",
      "react-native-gesture-handler": "~1.8.0",
      "react-native-reanimated": "~1.13.0",
      "react-native-safe-area-context": "3.1.9",
      "react-native-screens": "~2.15.2",
      "react-redux": "^7.2.3",
      "redux": "^4.0.5",
      "redux-persist": "^6.0.0"
    },
    "devDependencies": {
      "@babel/core": "~7.9.0"
    },
    "private": true
  }

yarn manifest: 
  No manifest

Lockfile: 
  No lockfile
